Using pre-set license
Built from '2020.3/staging' branch; Version is '2020.3.18f1 (a7d1c678663c) revision 10998214'; Using compiler version '192528614'; Build Type 'Release'
OS: 'Windows 10 Home; OS build 19043.1348; Version 2009; 64bit' Language: 'en' Physical Memory: 8133 MB
BatchMode: 1, IsHumanControllingUs: 0, StartBugReporterOnCrash: 0, Is64bit: 1, IsPro: 0

COMMAND LINE ARGUMENTS:
E:\Unity\2020.3.18f1\Editor\Unity.exe
-adb2
-batchMode
-noUpm
-name
AssetImportWorker3
-projectPath
E:/GitHub/CSG-3813-01 Game Level Design/At-Deaths-Door/At-Deaths-Door-ATang
-logFile
Logs/AssetImportWorker3.log
-srvPort
1139
Successfully changed project path to: E:/GitHub/CSG-3813-01 Game Level Design/At-Deaths-Door/At-Deaths-Door-ATang
E:/GitHub/CSG-3813-01 Game Level Design/At-Deaths-Door/At-Deaths-Door-ATang
Using Asset Import Pipeline V2.
Refreshing native plugins compatible for Editor in 125.94 ms, found 2 plugins.
Preloading 0 native plugins for Editor in 0.00 ms.
Initialize engine version: 2020.3.18f1 (a7d1c678663c)
[Subsystems] Discovering subsystems at path E:/Unity/2020.3.18f1/Editor/Data/Resources/UnitySubsystems
[Subsystems] Discovering subsystems at path E:/GitHub/CSG-3813-01 Game Level Design/At-Deaths-Door/At-Deaths-Door-ATang/Assets
GfxDevice: creating device client; threaded=0
Direct3D:
    Version:  Direct3D 11.0 [level 11.1]
    Renderer: NVIDIA GeForce GTX 1050 Ti (ID=0x1c82)
    Vendor:   
    VRAM:     4018 MB
    Driver:   30.0.14.7212
Initialize mono
Mono path[0] = 'E:/Unity/2020.3.18f1/Editor/Data/Managed'
Mono path[1] = 'E:/Unity/2020.3.18f1/Editor/Data/MonoBleedingEdge/lib/mono/unityjit'
Mono config path = 'E:/Unity/2020.3.18f1/Editor/Data/MonoBleedingEdge/etc'
Using monoOptions --debugger-agent=transport=dt_socket,embedding=1,server=y,suspend=n,address=127.0.0.1:56356
Begin MonoManager ReloadAssembly
Registering precompiled unity dll's ...
Register platform support module: E:/Unity/2020.3.18f1/Editor/Data/PlaybackEngines/WebGLSupport/UnityEditor.WebGL.Extensions.dll
Register platform support module: E:/Unity/2020.3.18f1/Editor/Data/PlaybackEngines/WindowsStandaloneSupport/UnityEditor.WindowsStandalone.Extensions.dll
Registered in 0.002242 seconds.
Native extension for WindowsStandalone target not found
Native extension for WebGL target not found
Refreshing native plugins compatible for Editor in 109.65 ms, found 2 plugins.
Preloading 0 native plugins for Editor in 0.00 ms.
Mono: successfully reloaded assembly
- Completed reload, in  1.306 seconds
Domain Reload Profiling:
	ReloadAssembly (1307ms)
		BeginReloadAssembly (73ms)
			ExecutionOrderSort (0ms)
			DisableScriptedObjects (0ms)
			BackupInstance (0ms)
			ReleaseScriptingObjects (0ms)
			CreateAndSetChildDomain (1ms)
		EndReloadAssembly (582ms)
			LoadAssemblies (72ms)
			RebuildTransferFunctionScriptingTraits (0ms)
			SetupTypeCache (178ms)
			ReleaseScriptCaches (0ms)
			RebuildScriptCaches (36ms)
			SetupLoadedEditorAssemblies (277ms)
				LogAssemblyErrors (0ms)
				InitializePlatformSupportModulesInManaged (5ms)
				SetLoadedEditorAssemblies (0ms)
				RefreshPlugins (110ms)
				BeforeProcessingInitializeOnLoad (19ms)
				ProcessInitializeOnLoadAttributes (103ms)
				ProcessInitializeOnLoadMethodAttributes (39ms)
				AfterProcessingInitializeOnLoad (0ms)
				EditorAssembliesLoaded (0ms)
			ExecutionOrderSort2 (0ms)
			AwakeInstancesAfterBackupRestoration (0ms)
Platform modules already initialized, skipping
Registering precompiled user dll's ...
Registered in 0.004242 seconds.
Begin MonoManager ReloadAssembly
Native extension for WindowsStandalone target not found
Native extension for WebGL target not found
Refreshing native plugins compatible for Editor in 124.67 ms, found 2 plugins.
Preloading 0 native plugins for Editor in 0.00 ms.
Mono: successfully reloaded assembly
- Completed reload, in  4.381 seconds
Domain Reload Profiling:
	ReloadAssembly (4382ms)
		BeginReloadAssembly (169ms)
			ExecutionOrderSort (0ms)
			DisableScriptedObjects (5ms)
			BackupInstance (0ms)
			ReleaseScriptingObjects (0ms)
			CreateAndSetChildDomain (20ms)
		EndReloadAssembly (4136ms)
			LoadAssemblies (2737ms)
			RebuildTransferFunctionScriptingTraits (0ms)
			SetupTypeCache (453ms)
			ReleaseScriptCaches (1ms)
			RebuildScriptCaches (105ms)
			SetupLoadedEditorAssemblies (688ms)
				LogAssemblyErrors (0ms)
				InitializePlatformSupportModulesInManaged (5ms)
				SetLoadedEditorAssemblies (0ms)
				RefreshPlugins (125ms)
				BeforeProcessingInitializeOnLoad (127ms)
				ProcessInitializeOnLoadAttributes (415ms)
				ProcessInitializeOnLoadMethodAttributes (13ms)
				AfterProcessingInitializeOnLoad (3ms)
				EditorAssembliesLoaded (0ms)
			ExecutionOrderSort2 (0ms)
			AwakeInstancesAfterBackupRestoration (7ms)
Platform modules already initialized, skipping
========================================================================
Worker process is ready to serve import requests
Launched and connected shader compiler UnityShaderCompiler.exe after 0.18 seconds
Refreshing native plugins compatible for Editor in 0.98 ms, found 2 plugins.
Preloading 0 native plugins for Editor in 0.00 ms.
Unloading 4445 Unused Serialized files (Serialized files now loaded: 0)
System memory in use before: 275.1 MB.
System memory in use after: 275.2 MB.

Unloading 22 unused Assets to reduce memory usage. Loaded Objects now: 4903.
Total: 5.218400 ms (FindLiveObjects: 0.410800 ms CreateObjectMapping: 0.220600 ms MarkObjects: 4.371400 ms  DeleteObjects: 0.214700 ms)

AssetImportParameters requested are different than current active one (requested -> active):
  custom:framework-win-MediaFoundation: 216162199b28c13a410421893ffa2e32 -> 
  custom:video-decoder-ogg-theora: a1e56fd34408186e4bbccfd4996cb3dc -> 
  custom:container-muxer-webm: aa71ff27fc2769a1b78a27578f13a17b -> 
  custom:container-demuxer-webm: 4f35f7cbe854078d1ac9338744f61a02 -> 
  custom:container-demuxer-ogg: 62fdf1f143b41e24485cea50d1cbac27 -> 
  custom:video-encoder-webm-vp8: eb34c28f22e8b96e1ab97ce403110664 -> 
  custom:video-decoder-webm-vp8: 9c59270c3fd7afecdb556c50c9e8de78 -> 
  custom:audio-decoder-ogg-vorbis: bf7c407c2cedff20999df2af8eb42d56 -> 
  custom:audio-encoder-webm-vorbis: bf7c407c2cedff20999df2af8eb42d56 -> 
========================================================================
Received Import Request.
  path: Assets/Imported Assets/True_Horror/True_Scarecrow/Materials/true_scarecrow_metal.png
  artifactKey: Guid(d6dabf5c8b1b1304bbdac9a113a7284e) Importer(815301076,1909f56bfc062723c751e8b465ee728b)
Start importing Assets/Imported Assets/True_Horror/True_Scarecrow/Materials/true_scarecrow_metal.png using Guid(d6dabf5c8b1b1304bbdac9a113a7284e) Importer(815301076,1909f56bfc062723c751e8b465ee728b)  -> (artifact id: '1e95bfd1847d33ddc3261db6ac2c9268') in 1.594894 seconds 
  Import took 1.770049 seconds .

========================================================================
Received Import Request.
  Time since last request: 0.000424 seconds.
  path: Assets/Imported Assets/True_Horror/True_Scarecrow/true_scarecrow.fbm
  artifactKey: Guid(7a13efe202073954ea5f0f142cdb668b) Importer(815301076,1909f56bfc062723c751e8b465ee728b)
Start importing Assets/Imported Assets/True_Horror/True_Scarecrow/true_scarecrow.fbm using Guid(7a13efe202073954ea5f0f142cdb668b) Importer(815301076,1909f56bfc062723c751e8b465ee728b)  -> (artifact id: '056f6addb98f382f9bc3d0c0ca7862f7') in 0.009250 seconds 
  Import took 0.036452 seconds .

========================================================================
Received Import Request.
  Time since last request: 0.000316 seconds.
  path: Assets/Imported Assets/True_Horror/True_Scarecrow/Materials/true_scarecrow_diffuse.png
  artifactKey: Guid(9fdba9c6fd87cdd4db97a0e49f450c9c) Importer(815301076,1909f56bfc062723c751e8b465ee728b)
Start importing Assets/Imported Assets/True_Horror/True_Scarecrow/Materials/true_scarecrow_diffuse.png using Guid(9fdba9c6fd87cdd4db97a0e49f450c9c) Importer(815301076,1909f56bfc062723c751e8b465ee728b)  -> (artifact id: 'aaf38563732209c86d2fe2b09c786ba6') in 0.028514 seconds 
  Import took 0.068743 seconds .

========================================================================
Received Import Request.
  Time since last request: 0.000342 seconds.
  path: Assets/Imported Assets/True_Horror/True_Scarecrow/Materials
  artifactKey: Guid(cd09c0a86073fad488a6a37ab88e2b60) Importer(815301076,1909f56bfc062723c751e8b465ee728b)
Start importing Assets/Imported Assets/True_Horror/True_Scarecrow/Materials using Guid(cd09c0a86073fad488a6a37ab88e2b60) Importer(815301076,1909f56bfc062723c751e8b465ee728b)  -> (artifact id: 'c7908023d03305e8b4a01b00c3308343') in 0.022156 seconds 
  Import took 0.074745 seconds .

========================================================================
Received Import Request.
  Time since last request: 0.000275 seconds.
  path: Assets/Imported Assets/True_Horror/True_Scarecrow
  artifactKey: Guid(fe6e51fb978c5cd40a92833072f9489e) Importer(815301076,1909f56bfc062723c751e8b465ee728b)
Start importing Assets/Imported Assets/True_Horror/True_Scarecrow using Guid(fe6e51fb978c5cd40a92833072f9489e) Importer(815301076,1909f56bfc062723c751e8b465ee728b)  -> (artifact id: '82e93f37a22d4900dbc9d4ff712386d3') in 0.008408 seconds 
  Import took 0.060406 seconds .

========================================================================
Received Import Request.
  Time since last request: 0.000380 seconds.
  path: Assets/Imported Assets/True_Horror/True_Scarecrow/true_scarecrow.fbx
  artifactKey: Guid(2892de347df6e5b4c8402088313f1f09) Importer(815301076,1909f56bfc062723c751e8b465ee728b)
Start importing Assets/Imported Assets/True_Horror/True_Scarecrow/true_scarecrow.fbx using Guid(2892de347df6e5b4c8402088313f1f09) Importer(815301076,1909f56bfc062723c751e8b465ee728b)  -> (artifact id: 'be6ca96ae5007e649becd489510ba621') in 0.323541 seconds 
  Import took 0.366703 seconds .

========================================================================
Received Import Request.
  Time since last request: 0.000439 seconds.
  path: Assets/Imported Assets/True_Horror/True_Scarecrow/Materials/true_scarecrow_diffuse_final.mat
  artifactKey: Guid(2b341f94c02e0ab42aef51270f20f40b) Importer(815301076,1909f56bfc062723c751e8b465ee728b)
Start importing Assets/Imported Assets/True_Horror/True_Scarecrow/Materials/true_scarecrow_diffuse_final.mat using Guid(2b341f94c02e0ab42aef51270f20f40b) Importer(815301076,1909f56bfc062723c751e8b465ee728b)  -> (artifact id: '6ce787e4b6ef8243f743e1cbaf16ed51') in 0.091895 seconds 
  Import took 0.124480 seconds .

========================================================================
Received Import Request.
  Time since last request: 0.000352 seconds.
  path: Assets/Imported Assets/True_Horror/True_Scarecrow/Materials/true_scarecrow_normals.png
  artifactKey: Guid(822567dac8d0b914690e139366c9518b) Importer(815301076,1909f56bfc062723c751e8b465ee728b)
Start importing Assets/Imported Assets/True_Horror/True_Scarecrow/Materials/true_scarecrow_normals.png using Guid(822567dac8d0b914690e139366c9518b) Importer(815301076,1909f56bfc062723c751e8b465ee728b)  -> (artifact id: '8c860cc8a0bec69213f77ec55fe1c05a') in 0.022426 seconds 
  Import took 0.070793 seconds .

========================================================================
Received Import Request.
  Time since last request: 0.000374 seconds.
  path: Assets/Imported Assets/True_Horror
  artifactKey: Guid(3e9e018d51cee7744bd176c356ffe37d) Importer(815301076,1909f56bfc062723c751e8b465ee728b)
Start importing Assets/Imported Assets/True_Horror using Guid(3e9e018d51cee7744bd176c356ffe37d) Importer(815301076,1909f56bfc062723c751e8b465ee728b)  -> (artifact id: 'c567ba7e60dda79697613cb2dbc1a095') in 0.007701 seconds 
  Import took 0.022451 seconds .

========================================================================
Received Import Request.
  Time since last request: 130.866887 seconds.
  path: Assets/Imported Assets/True_Horror
  artifactKey: Guid(7daa99e980e0c154f811ace25b179a46) Importer(815301076,1909f56bfc062723c751e8b465ee728b)
Start importing Assets/Imported Assets/True_Horror using Guid(7daa99e980e0c154f811ace25b179a46) Importer(815301076,1909f56bfc062723c751e8b465ee728b)  -> (artifact id: '70332446a925fc4d48f9e25ab6baab5f') in 0.002310 seconds 
  Import took 0.046160 seconds .

========================================================================
Received Import Request.
  Time since last request: 57.751483 seconds.
  path: Assets/Imported Assets/True_Horror/True_Scarecrow/Materials/Materials
  artifactKey: Guid(a0a4248300d32f64098e6aa53449d19a) Importer(815301076,1909f56bfc062723c751e8b465ee728b)
Start importing Assets/Imported Assets/True_Horror/True_Scarecrow/Materials/Materials using Guid(a0a4248300d32f64098e6aa53449d19a) Importer(815301076,1909f56bfc062723c751e8b465ee728b)  -> (artifact id: '273e3ab7c1209a2213d3a03197a814e8') in 0.003276 seconds 
  Import took 0.012965 seconds .

========================================================================
Received Import Request.
  Time since last request: 0.159923 seconds.
  path: Assets/Imported Assets/True_Horror/True_Scarecrow/Materials/Materials/true_scarecrow_metal.mat
  artifactKey: Guid(a1acdee6f8cdeef418c2691c13b95470) Importer(815301076,1909f56bfc062723c751e8b465ee728b)
Start importing Assets/Imported Assets/True_Horror/True_Scarecrow/Materials/Materials/true_scarecrow_metal.mat using Guid(a1acdee6f8cdeef418c2691c13b95470) Importer(815301076,1909f56bfc062723c751e8b465ee728b)  -> (artifact id: '779615c0cf0aeba4fd9d576f0eed4aee') in 0.018625 seconds 
  Import took 0.046928 seconds .

========================================================================
Received Import Request.
  Time since last request: 679.305555 seconds.
  path: Assets/Imported Assets/True_Horror/True_Scarecrow/true_scarecrow.fbx
  artifactKey: Guid(2892de347df6e5b4c8402088313f1f09) Importer(815301076,1909f56bfc062723c751e8b465ee728b)
Start importing Assets/Imported Assets/True_Horror/True_Scarecrow/true_scarecrow.fbx using Guid(2892de347df6e5b4c8402088313f1f09) Importer(815301076,1909f56bfc062723c751e8b465ee728b)  -> (artifact id: '7c8f4ed0b6719e495aea9ea9ace75232') in 0.064061 seconds 
  Import took 0.119320 seconds .

========================================================================
Received Import Request.
  Time since last request: 49.320211 seconds.
  path: Assets/Imported Assets/True_Horror/True_Scarecrow/true_scarecrow.fbx
  artifactKey: Guid(2892de347df6e5b4c8402088313f1f09) Importer(815301076,1909f56bfc062723c751e8b465ee728b)
Start importing Assets/Imported Assets/True_Horror/True_Scarecrow/true_scarecrow.fbx using Guid(2892de347df6e5b4c8402088313f1f09) Importer(815301076,1909f56bfc062723c751e8b465ee728b)  -> (artifact id: '750baf9baf8f4a69145560c0f91ef27e') in 0.075213 seconds 
  Import took 0.127975 seconds .

========================================================================
Received Import Request.
  Time since last request: 16.222215 seconds.
  path: Assets/Imported Assets/True_Horror/True_Scarecrow/true_scarecrow.fbx
  artifactKey: Guid(2892de347df6e5b4c8402088313f1f09) Importer(815301076,1909f56bfc062723c751e8b465ee728b)
Start importing Assets/Imported Assets/True_Horror/True_Scarecrow/true_scarecrow.fbx using Guid(2892de347df6e5b4c8402088313f1f09) Importer(815301076,1909f56bfc062723c751e8b465ee728b)  -> (artifact id: '7faa594b3cbbaa28a18dfb5585c8d280') in 0.069177 seconds 
  Import took 0.099446 seconds .

========================================================================
Received Import Request.
  Time since last request: 262.237339 seconds.
  path: Assets/Animations/EnemyIdle.anim
  artifactKey: Guid(4219e05c52de9c24993fe1a44660feee) Importer(815301076,1909f56bfc062723c751e8b465ee728b)
Start importing Assets/Animations/EnemyIdle.anim using Guid(4219e05c52de9c24993fe1a44660feee) Importer(815301076,1909f56bfc062723c751e8b465ee728b)  -> (artifact id: '8490190b66e02149228e27319b696b9b') in 0.012064 seconds 
  Import took 0.053668 seconds .

========================================================================
Received Import Request.
  Time since last request: 0.108868 seconds.
  path: Assets/Animations/EnemyIdle.anim
  artifactKey: Guid(4219e05c52de9c24993fe1a44660feee) Importer(815301076,1909f56bfc062723c751e8b465ee728b)
Start importing Assets/Animations/EnemyIdle.anim using Guid(4219e05c52de9c24993fe1a44660feee) Importer(815301076,1909f56bfc062723c751e8b465ee728b)  -> (artifact id: '8490190b66e02149228e27319b696b9b') in 0.004161 seconds 
  Import took 0.034597 seconds .

========================================================================
Received Import Request.
  Time since last request: 13.237461 seconds.
  path: Assets/Animations/New Animation.anim
  artifactKey: Guid(95df1f7d45a3c2343904929bc8d3609b) Importer(815301076,1909f56bfc062723c751e8b465ee728b)
Start importing Assets/Animations/New Animation.anim using Guid(95df1f7d45a3c2343904929bc8d3609b) Importer(815301076,1909f56bfc062723c751e8b465ee728b)  -> (artifact id: '4edfa647445945eef2742b5a913c68bf') in 0.011311 seconds 
  Import took 0.046648 seconds .

========================================================================
Received Import Request.
  Time since last request: 45.931008 seconds.
  path: Assets/EffectExamples/Shared/Models/LowMan.fbx
  artifactKey: Guid(7e15121f5f042ed46aba81406403f2d2) Importer(815301076,1909f56bfc062723c751e8b465ee728b)
Start importing Assets/EffectExamples/Shared/Models/LowMan.fbx using Guid(7e15121f5f042ed46aba81406403f2d2) Importer(815301076,1909f56bfc062723c751e8b465ee728b)  -> (artifact id: '18f7e714e978ace7478532c781c548aa') in 0.162417 seconds 
  Import took 0.211185 seconds .

========================================================================
Received Import Request.
  Time since last request: 264.475179 seconds.
  path: Assets/Imported Assets/True_Horror/True_Scarecrow/true_scarecrow.fbx
  artifactKey: Guid(2892de347df6e5b4c8402088313f1f09) Importer(815301076,1909f56bfc062723c751e8b465ee728b)
Start importing Assets/Imported Assets/True_Horror/True_Scarecrow/true_scarecrow.fbx using Guid(2892de347df6e5b4c8402088313f1f09) Importer(815301076,1909f56bfc062723c751e8b465ee728b)  -> (artifact id: 'ca9f4934a8d1905f872afd8d3aa99cf8') in 0.141693 seconds 
  Import took 0.178403 seconds .

========================================================================
Received Import Request.
  Time since last request: 191.739711 seconds.
  path: Assets/Imported Assets/True_Horror/True_Scarecrow/true_scarecrow.fbx
  artifactKey: Guid(2892de347df6e5b4c8402088313f1f09) Importer(815301076,1909f56bfc062723c751e8b465ee728b)
Start importing Assets/Imported Assets/True_Horror/True_Scarecrow/true_scarecrow.fbx using Guid(2892de347df6e5b4c8402088313f1f09) Importer(815301076,1909f56bfc062723c751e8b465ee728b)  -> (artifact id: '6ff2f4cc95d70a04063e138790eb9d09') in 0.066682 seconds 
  Import took 0.114956 seconds .

========================================================================
Received Prepare
Registering precompiled user dll's ...
Registered in 0.350708 seconds.
Begin MonoManager ReloadAssembly
Native extension for WindowsStandalone target not found
Native extension for WebGL target not found
Refreshing native plugins compatible for Editor in 62.11 ms, found 2 plugins.
Preloading 0 native plugins for Editor in 0.00 ms.
Mono: successfully reloaded assembly
- Completed reload, in  5.437 seconds
Domain Reload Profiling:
	ReloadAssembly (5438ms)
		BeginReloadAssembly (409ms)
			ExecutionOrderSort (0ms)
			DisableScriptedObjects (5ms)
			BackupInstance (0ms)
			ReleaseScriptingObjects (0ms)
			CreateAndSetChildDomain (56ms)
		EndReloadAssembly (4955ms)
			LoadAssemblies (3769ms)
			RebuildTransferFunctionScriptingTraits (0ms)
			SetupTypeCache (404ms)
			ReleaseScriptCaches (3ms)
			RebuildScriptCaches (64ms)
			SetupLoadedEditorAssemblies (499ms)
				LogAssemblyErrors (0ms)
				InitializePlatformSupportModulesInManaged (6ms)
				SetLoadedEditorAssemblies (0ms)
				RefreshPlugins (62ms)
				BeforeProcessingInitializeOnLoad (97ms)
				ProcessInitializeOnLoadAttributes (323ms)
				ProcessInitializeOnLoadMethodAttributes (8ms)
				AfterProcessingInitializeOnLoad (3ms)
				EditorAssembliesLoaded (0ms)
			ExecutionOrderSort2 (0ms)
			AwakeInstancesAfterBackupRestoration (8ms)
Platform modules already initialized, skipping
Refreshing native plugins compatible for Editor in 0.69 ms, found 2 plugins.
Preloading 0 native plugins for Editor in 0.00 ms.
Unloading 2327 Unused Serialized files (Serialized files now loaded: 0)
System memory in use before: 234.8 MB.
System memory in use after: 235.0 MB.

Unloading 461 unused Assets to reduce memory usage. Loaded Objects now: 4506.
Total: 4.546300 ms (FindLiveObjects: 0.371500 ms CreateObjectMapping: 0.203600 ms MarkObjects: 3.682600 ms  DeleteObjects: 0.287200 ms)

AssetImportParameters requested are different than current active one (requested -> active):
  custom:framework-win-MediaFoundation: 216162199b28c13a410421893ffa2e32 -> 
  custom:video-decoder-ogg-theora: a1e56fd34408186e4bbccfd4996cb3dc -> 
  custom:container-muxer-webm: aa71ff27fc2769a1b78a27578f13a17b -> 
  custom:container-demuxer-webm: 4f35f7cbe854078d1ac9338744f61a02 -> 
  custom:container-demuxer-ogg: 62fdf1f143b41e24485cea50d1cbac27 -> 
  custom:video-encoder-webm-vp8: eb34c28f22e8b96e1ab97ce403110664 -> 
  custom:video-decoder-webm-vp8: 9c59270c3fd7afecdb556c50c9e8de78 -> 
  custom:audio-decoder-ogg-vorbis: bf7c407c2cedff20999df2af8eb42d56 -> 
  custom:audio-encoder-webm-vorbis: bf7c407c2cedff20999df2af8eb42d56 -> 
========================================================================
Received Prepare
Registering precompiled user dll's ...
Registered in 0.069304 seconds.
Begin MonoManager ReloadAssembly
Native extension for WindowsStandalone target not found
Native extension for WebGL target not found
Refreshing native plugins compatible for Editor in 80.26 ms, found 2 plugins.
Preloading 0 native plugins for Editor in 0.00 ms.
Mono: successfully reloaded assembly
- Completed reload, in  1.384 seconds
Domain Reload Profiling:
	ReloadAssembly (1385ms)
		BeginReloadAssembly (132ms)
			ExecutionOrderSort (0ms)
			DisableScriptedObjects (5ms)
			BackupInstance (0ms)
			ReleaseScriptingObjects (0ms)
			CreateAndSetChildDomain (38ms)
		EndReloadAssembly (1190ms)
			LoadAssemblies (103ms)
			RebuildTransferFunctionScriptingTraits (0ms)
			SetupTypeCache (376ms)
			ReleaseScriptCaches (1ms)
			RebuildScriptCaches (52ms)
			SetupLoadedEditorAssemblies (473ms)
				LogAssemblyErrors (0ms)
				InitializePlatformSupportModulesInManaged (5ms)
				SetLoadedEditorAssemblies (0ms)
				RefreshPlugins (80ms)
				BeforeProcessingInitializeOnLoad (98ms)
				ProcessInitializeOnLoadAttributes (279ms)
				ProcessInitializeOnLoadMethodAttributes (7ms)
				AfterProcessingInitializeOnLoad (3ms)
				EditorAssembliesLoaded (0ms)
			ExecutionOrderSort2 (0ms)
			AwakeInstancesAfterBackupRestoration (8ms)
Platform modules already initialized, skipping
Shader 'Universal Render Pipeline/Nature/SpeedTree7': dependency 'BillboardShader' shader 'Universal Render Pipeline/Nature/SpeedTree7 Billboard' not found
Shader 'Universal Render Pipeline/Baked Lit': fallback shader 'Universal Render Pipeline/Unlit' not found
Shader 'Universal Render Pipeline/Simple Lit': fallback shader 'Hidden/Universal Render Pipeline/FallbackError' not found
Shader 'Universal Render Pipeline/Terrain/Lit': fallback shader 'Hidden/Universal Render Pipeline/FallbackError' not found
Shader 'Universal Render Pipeline/Terrain/Lit': dependency 'AddPassShader' shader 'Hidden/Universal Render Pipeline/Terrain/Lit (Add Pass)' not found
Shader 'Universal Render Pipeline/Terrain/Lit': dependency 'BaseMapShader' shader 'Hidden/Universal Render Pipeline/Terrain/Lit (Base Pass)' not found
Shader 'Universal Render Pipeline/Terrain/Lit': dependency 'BaseMapGenShader' shader 'Hidden/Universal Render Pipeline/Terrain/Lit (Basemap Gen)' not found
Shader 'Hidden/Universal Render Pipeline/Terrain/Lit (Base Pass)': fallback shader 'Hidden/Universal Render Pipeline/FallbackError' not found
Shader 'Hidden/Universal Render Pipeline/Terrain/Lit (Add Pass)': fallback shader 'Hidden/Universal Render Pipeline/FallbackError' not found
Refreshing native plugins compatible for Editor in 0.85 ms, found 2 plugins.
Preloading 0 native plugins for Editor in 0.00 ms.
Unloading 3577 Unused Serialized files (Serialized files now loaded: 0)
System memory in use before: 273.1 MB.
System memory in use after: 269.0 MB.

Unloading 64 unused Assets to reduce memory usage. Loaded Objects now: 5017.
Total: 7.086300 ms (FindLiveObjects: 0.507400 ms CreateObjectMapping: 0.308500 ms MarkObjects: 4.100300 ms  DeleteObjects: 2.168800 ms)

AssetImportParameters requested are different than current active one (requested -> active):
  custom:framework-win-MediaFoundation: 216162199b28c13a410421893ffa2e32 -> 
  custom:video-decoder-ogg-theora: a1e56fd34408186e4bbccfd4996cb3dc -> 
  custom:container-muxer-webm: aa71ff27fc2769a1b78a27578f13a17b -> 
  custom:container-demuxer-webm: 4f35f7cbe854078d1ac9338744f61a02 -> 
  custom:container-demuxer-ogg: 62fdf1f143b41e24485cea50d1cbac27 -> 
  custom:video-encoder-webm-vp8: eb34c28f22e8b96e1ab97ce403110664 -> 
  custom:video-decoder-webm-vp8: 9c59270c3fd7afecdb556c50c9e8de78 -> 
  custom:audio-decoder-ogg-vorbis: bf7c407c2cedff20999df2af8eb42d56 -> 
  custom:audio-encoder-webm-vorbis: bf7c407c2cedff20999df2af8eb42d56 -> 
========================================================================
Received Import Request.
  Time since last request: 677.132444 seconds.
  path: Assets/Imported Assets/True_Horror/True_Scarecrow/true_scarecrow.fbx
  artifactKey: Guid(2892de347df6e5b4c8402088313f1f09) Importer(815301076,1909f56bfc062723c751e8b465ee728b)
Start importing Assets/Imported Assets/True_Horror/True_Scarecrow/true_scarecrow.fbx using Guid(2892de347df6e5b4c8402088313f1f09) Importer(815301076,1909f56bfc062723c751e8b465ee728b)  -> (artifact id: 'f69ca4571076615f3000ed499ab14594') in 0.574301 seconds 
  Import took 0.586048 seconds .

AssetImportWorkerClient::OnTransportError - code=2 error=End of file
